[0.01h] ARRIVAL c001 -> q=1
[0.01h] START   ATM1 <- c001 (wait=0.00m, st=0.81m)
[0.02h] DONE    ATM1 -> c001
[0.12h] ARRIVAL c002 -> q=1
[0.12h] START   ATM1 <- c002 (wait=0.00m, st=2.15m)
[0.16h] DONE    ATM1 -> c002
[0.17h] ARRIVAL c003 -> q=1
[0.17h] START   ATM1 <- c003 (wait=0.00m, st=0.69m)
[0.18h] DONE    ATM1 -> c003
[0.27h] ARRIVAL c004 -> q=1
[0.27h] START   ATM1 <- c004 (wait=0.00m, st=3.53m)
[0.33h] DONE    ATM1 -> c004
[0.34h] ARRIVAL c005 -> q=1
[0.34h] START   ATM1 <- c005 (wait=0.00m, st=3.45m)
[0.40h] DONE    ATM1 -> c005
[0.45h] ARRIVAL c006 -> q=1
[0.45h] START   ATM1 <- c006 (wait=0.00m, st=1.43m)
[0.45h] ARRIVAL c007 -> q=1
[0.45h] START   ATM2 <- c007 (wait=0.00m, st=1.06m)
[0.45h] ARRIVAL c008 -> q=1
[0.46h] ARRIVAL c009 -> q=2
[0.47h] DONE    ATM2 -> c007
[0.47h] START   ATM2 <- c008 (wait=0.95m, st=1.86m)
[0.47h] DONE    ATM1 -> c006
[0.47h] START   ATM1 <- c009 (wait=0.67m, st=1.31m)
[0.49h] DONE    ATM1 -> c009
[0.50h] DONE    ATM2 -> c008
[0.60h] ARRIVAL c010 -> q=1
[0.60h] START   ATM1 <- c010 (wait=0.00m, st=2.21m)
[0.63h] DONE    ATM1 -> c010
[0.75h] ARRIVAL c011 -> q=1
[0.75h] START   ATM1 <- c011 (wait=0.00m, st=0.76m)
[0.76h] DONE    ATM1 -> c011
[0.88h] ARRIVAL c012 -> q=1
[0.88h] START   ATM1 <- c012 (wait=0.00m, st=2.16m)
[0.92h] DONE    ATM1 -> c012
[0.92h] ARRIVAL c013 -> q=1
[0.92h] START   ATM1 <- c013 (wait=0.00m, st=2.35m)
[0.96h] DONE    ATM1 -> c013
[1.18h] ARRIVAL c014 -> q=1
[1.18h] START   ATM1 <- c014 (wait=0.00m, st=7.83m)
[1.19h] ARRIVAL c015 -> q=1
[1.19h] START   ATM2 <- c015 (wait=0.00m, st=1.64m)
[1.19h] ARRIVAL c016 -> q=1
[1.22h] DONE    ATM2 -> c015
[1.22h] START   ATM2 <- c016 (wait=1.59m, st=1.11m)
[1.23h] DONE    ATM2 -> c016
[1.25h] ARRIVAL c017 -> q=1
[1.25h] START   ATM2 <- c017 (wait=0.00m, st=10.52m)
[1.30h] ARRIVAL c018 -> q=1
[1.31h] DONE    ATM1 -> c014
[1.31h] START   ATM1 <- c018 (wait=0.62m, st=1.57m)
[1.33h] ARRIVAL c019 -> q=1
[1.33h] DONE    ATM1 -> c018
[1.33h] START   ATM1 <- c019 (wait=0.40m, st=0.80m)
[1.35h] DONE    ATM1 -> c019
[1.42h] DONE    ATM2 -> c017
[1.54h] ARRIVAL c020 -> q=1
[1.54h] START   ATM1 <- c020 (wait=0.00m, st=0.89m)
[1.55h] ARRIVAL c021 -> q=1
[1.55h] START   ATM2 <- c021 (wait=0.00m, st=0.78m)
[1.55h] DONE    ATM1 -> c020
[1.56h] DONE    ATM2 -> c021
[1.62h] ARRIVAL c022 -> q=1
[1.62h] START   ATM1 <- c022 (wait=0.00m, st=1.91m)
[1.64h] ARRIVAL c023 -> q=1
[1.64h] START   ATM2 <- c023 (wait=0.00m, st=3.00m)
[1.65h] DONE    ATM1 -> c022
[1.69h] DONE    ATM2 -> c023
[1.75h] ARRIVAL c024 -> q=1
[1.75h] START   ATM1 <- c024 (wait=0.00m, st=8.63m)
[1.78h] ARRIVAL c025 -> q=1
[1.78h] START   ATM2 <- c025 (wait=0.00m, st=1.46m)
[1.80h] DONE    ATM2 -> c025
[1.86h] ARRIVAL c026 -> q=1
[1.86h] START   ATM2 <- c026 (wait=0.00m, st=1.21m)
[1.88h] DONE    ATM2 -> c026
[1.90h] DONE    ATM1 -> c024
[2.04h] ARRIVAL c027 -> q=1
[2.04h] START   ATM1 <- c027 (wait=0.00m, st=3.35m)
[2.09h] DONE    ATM1 -> c027
[2.10h] ARRIVAL c028 -> q=1
[2.10h] START   ATM1 <- c028 (wait=0.00m, st=38.59m)
[2.14h] ARRIVAL c029 -> q=1
[2.14h] START   ATM2 <- c029 (wait=0.00m, st=1.22m)
[2.16h] ARRIVAL c030 -> q=1
[2.16h] DONE    ATM2 -> c029
[2.16h] START   ATM2 <- c030 (wait=0.20m, st=5.19m)
[2.17h] ARRIVAL c031 -> q=1
[2.23h] ARRIVAL c032 -> q=2
[2.25h] DONE    ATM2 -> c030
[2.25h] START   ATM2 <- c031 (wait=4.55m, st=1.33m)
[2.27h] DONE    ATM2 -> c031
[2.27h] START   ATM2 <- c032 (wait=2.44m, st=0.85m)
[2.28h] DONE    ATM2 -> c032
[2.35h] ARRIVAL c033 -> q=1
[2.35h] START   ATM2 <- c033 (wait=0.00m, st=10.94m)
[2.35h] ARRIVAL c034 -> q=1
[2.36h] ARRIVAL c035 -> q=2
[2.44h] ARRIVAL c036 -> q=3
[2.53h] ARRIVAL c037 -> q=4
[2.53h] DONE    ATM2 -> c033
[2.53h] START   ATM2 <- c034 (wait=10.74m, st=1.08m)
[2.53h] ARRIVAL c038 -> q=4
[2.55h] DONE    ATM2 -> c034
[2.55h] START   ATM2 <- c035 (wait=11.31m, st=0.83m)
[2.56h] ARRIVAL c039 -> q=4
[2.56h] DONE    ATM2 -> c035
[2.56h] START   ATM2 <- c036 (wait=7.58m, st=2.89m)
[2.60h] ARRIVAL c040 -> q=4
[2.61h] ARRIVAL c041 -> q=5
[2.61h] DONE    ATM2 -> c036
[2.61h] START   ATM2 <- c037 (wait=5.19m, st=2.84m)
[2.65h] ARRIVAL c042 -> q=5
[2.66h] DONE    ATM2 -> c037
[2.66h] START   ATM2 <- c038 (wait=7.56m, st=6.60m)
[2.69h] ARRIVAL c043 -> q=5
[2.74h] DONE    ATM1 -> c028
[2.74h] START   ATM1 <- c039 (wait=11.17m, st=0.86m)
[2.76h] DONE    ATM1 -> c039
[2.76h] START   ATM1 <- c040 (wait=9.31m, st=3.47m)
[2.77h] DONE    ATM2 -> c038
[2.77h] START   ATM2 <- c041 (wait=9.89m, st=2.24m)
[2.81h] DONE    ATM2 -> c041
[2.81h] START   ATM2 <- c042 (wait=9.25m, st=2.55m)
[2.82h] DONE    ATM1 -> c040
[2.82h] START   ATM1 <- c043 (wait=7.26m, st=1.72m)
[2.84h] DONE    ATM1 -> c043
[2.85h] DONE    ATM2 -> c042
[2.94h] ARRIVAL c044 -> q=1
[2.94h] START   ATM1 <- c044 (wait=0.00m, st=1.46m)
[2.96h] DONE    ATM1 -> c044
[2.97h] ARRIVAL c045 -> q=1
[2.97h] START   ATM1 <- c045 (wait=0.00m, st=4.15m)
[3.01h] ARRIVAL c046 -> q=1
[3.01h] START   ATM2 <- c046 (wait=0.00m, st=1.59m)
[3.04h] DONE    ATM1 -> c045
[3.04h] DONE    ATM2 -> c046
[3.22h] ARRIVAL c047 -> q=1
[3.22h] START   ATM1 <- c047 (wait=0.00m, st=0.38m)
[3.22h] DONE    ATM1 -> c047
[3.23h] ARRIVAL c048 -> q=1
[3.23h] START   ATM1 <- c048 (wait=0.00m, st=4.03m)
[3.24h] ARRIVAL c049 -> q=1
[3.24h] START   ATM2 <- c049 (wait=0.00m, st=1.77m)
[3.27h] DONE    ATM2 -> c049
[3.30h] DONE    ATM1 -> c048
[3.30h] ARRIVAL c050 -> q=1
[3.30h] START   ATM1 <- c050 (wait=0.00m, st=1.52m)
[3.31h] ARRIVAL c051 -> q=1
[3.31h] START   ATM2 <- c051 (wait=0.00m, st=2.90m)
[3.33h] DONE    ATM1 -> c050
[3.36h] DONE    ATM2 -> c051
[3.36h] ARRIVAL c052 -> q=1
[3.36h] START   ATM1 <- c052 (wait=0.00m, st=0.69m)
[3.37h] ARRIVAL c053 -> q=1
[3.37h] START   ATM2 <- c053 (wait=0.00m, st=0.78m)
[3.37h] DONE    ATM1 -> c052
[3.38h] ARRIVAL c054 -> q=1
[3.38h] START   ATM1 <- c054 (wait=0.00m, st=0.83m)
[3.39h] DONE    ATM2 -> c053
[3.39h] ARRIVAL c055 -> q=1
[3.39h] START   ATM2 <- c055 (wait=0.00m, st=4.52m)
[3.40h] DONE    ATM1 -> c054
[3.47h] DONE    ATM2 -> c055
[3.49h] ARRIVAL c056 -> q=1
[3.49h] START   ATM1 <- c056 (wait=0.00m, st=1.30m)
[3.49h] ARRIVAL c057 -> q=1
[3.49h] START   ATM2 <- c057 (wait=0.00m, st=2.83m)
[3.50h] ARRIVAL c058 -> q=1
[3.51h] DONE    ATM1 -> c056
[3.51h] START   ATM1 <- c058 (wait=0.89m, st=0.92m)
[3.53h] DONE    ATM1 -> c058
[3.54h] DONE    ATM2 -> c057
[3.58h] ARRIVAL c059 -> q=1
[3.58h] START   ATM1 <- c059 (wait=0.00m, st=0.62m)
[3.59h] DONE    ATM1 -> c059
[3.86h] ARRIVAL c060 -> q=1
[3.86h] START   ATM1 <- c060 (wait=0.00m, st=2.94m)
[3.87h] ARRIVAL c061 -> q=1
[3.87h] START   ATM2 <- c061 (wait=0.00m, st=7.69m)
[3.91h] DONE    ATM1 -> c060
[3.95h] ARRIVAL c062 -> q=1
[3.95h] START   ATM1 <- c062 (wait=0.00m, st=1.19m)
[3.97h] DONE    ATM1 -> c062
[3.99h] ARRIVAL c063 -> q=1
[3.99h] START   ATM1 <- c063 (wait=0.00m, st=1.19m)
[4.00h] DONE    ATM2 -> c061
[END] time=4.00h, arrivals=63, balked=0, started=63, completed=62
      avg_wait=1.61m (p95=9.31m)  avg_q_len=0.42
      utilization: ATM1=0.47, ATM2=0.35
