[0.01h] ARRIVAL c001 -> q=1
[0.01h] START   ATM1 <- c001 (wait=0.00m, st=1.51m)
[0.01h] ARRIVAL c002 -> q=1
[0.01h] START   ATM2 <- c002 (wait=0.00m, st=1.39m)
[0.04h] DONE    ATM1 -> c001
[0.04h] DONE    ATM2 -> c002
[0.11h] ARRIVAL c003 -> q=1
[0.11h] START   ATM1 <- c003 (wait=0.00m, st=1.84m)
[0.13h] ARRIVAL c004 -> q=1
[0.13h] START   ATM2 <- c004 (wait=0.00m, st=1.12m)
[0.14h] DONE    ATM1 -> c003
[0.15h] DONE    ATM2 -> c004
[0.22h] ARRIVAL c005 -> q=1
[0.22h] START   ATM1 <- c005 (wait=0.00m, st=1.73m)
[0.25h] DONE    ATM1 -> c005
[0.30h] ARRIVAL c006 -> q=1
[0.30h] START   ATM1 <- c006 (wait=0.00m, st=2.19m)
[0.30h] ARRIVAL c007 -> q=1
[0.30h] START   ATM2 <- c007 (wait=0.00m, st=5.67m)
[0.33h] DONE    ATM1 -> c006
[0.40h] DONE    ATM2 -> c007
[0.42h] ARRIVAL c008 -> q=1
[0.42h] START   ATM1 <- c008 (wait=0.00m, st=3.43m)
[0.43h] ARRIVAL c009 -> q=1
[0.43h] START   ATM2 <- c009 (wait=0.00m, st=4.34m)
[0.48h] DONE    ATM1 -> c008
[0.49h] ARRIVAL c010 -> q=1
[0.49h] START   ATM1 <- c010 (wait=0.00m, st=3.06m)
[0.51h] DONE    ATM2 -> c009
[0.53h] ARRIVAL c011 -> q=1
[0.53h] START   ATM2 <- c011 (wait=0.00m, st=5.69m)
[0.54h] DONE    ATM1 -> c010
[0.57h] ARRIVAL c012 -> q=1
[0.57h] START   ATM1 <- c012 (wait=0.00m, st=1.62m)
[0.60h] DONE    ATM1 -> c012
[0.62h] DONE    ATM2 -> c011
[0.67h] ARRIVAL c013 -> q=1
[0.67h] START   ATM1 <- c013 (wait=0.00m, st=2.32m)
[0.71h] DONE    ATM1 -> c013
[0.86h] ARRIVAL c014 -> q=1
[0.86h] START   ATM1 <- c014 (wait=0.00m, st=2.76m)
[0.87h] ARRIVAL c015 -> q=1
[0.87h] START   ATM2 <- c015 (wait=0.00m, st=1.61m)
[0.90h] DONE    ATM2 -> c015
[0.90h] DONE    ATM1 -> c014
[0.94h] ARRIVAL c016 -> q=1
[0.94h] START   ATM1 <- c016 (wait=0.00m, st=5.14m)
[0.97h] ARRIVAL c017 -> q=1
[0.97h] START   ATM2 <- c017 (wait=0.00m, st=0.99m)
[0.99h] DONE    ATM2 -> c017
[1.02h] DONE    ATM1 -> c016
[1.06h] ARRIVAL c018 -> q=1
[1.06h] START   ATM1 <- c018 (wait=0.00m, st=2.75m)
[1.08h] ARRIVAL c019 -> q=1
[1.08h] START   ATM2 <- c019 (wait=0.00m, st=6.58m)
[1.10h] DONE    ATM1 -> c018
[1.18h] DONE    ATM2 -> c019
[1.22h] ARRIVAL c020 -> q=1
[1.22h] START   ATM1 <- c020 (wait=0.00m, st=5.09m)
[1.31h] DONE    ATM1 -> c020
[1.34h] ARRIVAL c021 -> q=1
[1.34h] START   ATM1 <- c021 (wait=0.00m, st=2.25m)
[1.38h] DONE    ATM1 -> c021
[1.43h] ARRIVAL c022 -> q=1
[1.43h] START   ATM1 <- c022 (wait=0.00m, st=1.46m)
[1.45h] DONE    ATM1 -> c022
[1.53h] ARRIVAL c023 -> q=1
[1.53h] START   ATM1 <- c023 (wait=0.00m, st=5.87m)
[1.57h] ARRIVAL c024 -> q=1
[1.57h] START   ATM2 <- c024 (wait=0.00m, st=5.99m)
[1.63h] ARRIVAL c025 -> q=1
[1.63h] DONE    ATM1 -> c023
[1.63h] START   ATM1 <- c025 (wait=0.21m, st=1.07m)
[1.65h] DONE    ATM1 -> c025
[1.67h] DONE    ATM2 -> c024
[2.02h] ARRIVAL c026 -> q=1
[2.02h] START   ATM1 <- c026 (wait=0.00m, st=5.40m)
[2.11h] DONE    ATM1 -> c026
[2.27h] ARRIVAL c027 -> q=1
[2.27h] START   ATM1 <- c027 (wait=0.00m, st=3.81m)
[2.33h] DONE    ATM1 -> c027
[2.35h] ARRIVAL c028 -> q=1
[2.35h] START   ATM1 <- c028 (wait=0.00m, st=1.31m)
[2.38h] DONE    ATM1 -> c028
[2.44h] ARRIVAL c029 -> q=1
[2.44h] START   ATM1 <- c029 (wait=0.00m, st=4.40m)
[2.52h] DONE    ATM1 -> c029
[2.55h] ARRIVAL c030 -> q=1
[2.55h] START   ATM1 <- c030 (wait=0.00m, st=1.74m)
[2.58h] ARRIVAL c031 -> q=1
[2.58h] START   ATM2 <- c031 (wait=0.00m, st=3.29m)
[2.58h] ARRIVAL c032 -> q=1
[2.58h] DONE    ATM1 -> c030
[2.58h] START   ATM1 <- c032 (wait=0.17m, st=1.05m)
[2.60h] DONE    ATM1 -> c032
[2.61h] ARRIVAL c033 -> q=1
[2.61h] START   ATM1 <- c033 (wait=0.00m, st=2.71m)
[2.63h] DONE    ATM2 -> c031
[2.66h] DONE    ATM1 -> c033
[2.67h] ARRIVAL c034 -> q=1
[2.67h] START   ATM1 <- c034 (wait=0.00m, st=2.93m)
[2.69h] ARRIVAL c035 -> q=1
[2.69h] START   ATM2 <- c035 (wait=0.00m, st=2.13m)
[2.72h] DONE    ATM1 -> c034
[2.73h] DONE    ATM2 -> c035
[2.84h] ARRIVAL c036 -> q=1
[2.84h] START   ATM1 <- c036 (wait=0.00m, st=3.22m)
[2.89h] DONE    ATM1 -> c036
[3.13h] ARRIVAL c037 -> q=1
[3.13h] START   ATM1 <- c037 (wait=0.00m, st=5.61m)
[3.22h] DONE    ATM1 -> c037
[3.33h] ARRIVAL c038 -> q=1
[3.33h] START   ATM1 <- c038 (wait=0.00m, st=2.52m)
[3.35h] ARRIVAL c039 -> q=1
[3.35h] START   ATM2 <- c039 (wait=0.00m, st=2.85m)
[3.37h] DONE    ATM1 -> c038
[3.40h] DONE    ATM2 -> c039
[3.43h] ARRIVAL c040 -> q=1
[3.43h] START   ATM1 <- c040 (wait=0.00m, st=3.55m)
[3.47h] ARRIVAL c041 -> q=1
[3.47h] START   ATM2 <- c041 (wait=0.00m, st=3.43m)
[3.49h] ARRIVAL c042 -> q=1
[3.49h] DONE    ATM1 -> c040
[3.49h] START   ATM1 <- c042 (wait=0.21m, st=3.70m)
[3.53h] DONE    ATM2 -> c041
[3.54h] ARRIVAL c043 -> q=1
[3.54h] START   ATM2 <- c043 (wait=0.00m, st=8.65m)
[3.55h] DONE    ATM1 -> c042
[3.57h] ARRIVAL c044 -> q=1
[3.57h] START   ATM1 <- c044 (wait=0.00m, st=4.12m)
[3.64h] DONE    ATM1 -> c044
[3.64h] ARRIVAL c045 -> q=1
[3.64h] START   ATM1 <- c045 (wait=0.00m, st=2.89m)
[3.68h] DONE    ATM2 -> c043
[3.69h] DONE    ATM1 -> c045
[3.70h] ARRIVAL c046 -> q=1
[3.70h] START   ATM1 <- c046 (wait=0.00m, st=4.95m)
[3.70h] ARRIVAL c047 -> q=1
[3.70h] START   ATM2 <- c047 (wait=0.00m, st=2.26m)
[3.74h] DONE    ATM2 -> c047
[3.78h] DONE    ATM1 -> c046
[3.79h] ARRIVAL c048 -> q=1
[3.79h] START   ATM1 <- c048 (wait=0.00m, st=1.78m)
[3.79h] ARRIVAL c049 -> q=1
[3.79h] START   ATM2 <- c049 (wait=0.00m, st=2.56m)
[3.82h] DONE    ATM1 -> c048
[3.83h] DONE    ATM2 -> c049
[3.86h] ARRIVAL c050 -> q=1
[3.86h] START   ATM1 <- c050 (wait=0.00m, st=2.34m)
[3.87h] ARRIVAL c051 -> q=1
[3.87h] START   ATM2 <- c051 (wait=0.00m, st=8.64m)
[3.90h] DONE    ATM1 -> c050
[3.94h] ARRIVAL c052 -> q=1
[3.94h] START   ATM1 <- c052 (wait=0.00m, st=2.90m)
[3.99h] DONE    ATM1 -> c052
[END] time=4.00h, arrivals=52, balked=0, started=52, completed=51
      avg_wait=0.01m (p95=0.00m)  avg_q_len=0.00
      utilization: ATM1=0.44, ATM2=0.28
