[0.06h] ARRIVAL c001 -> q=1
[0.06h] START   ATM1 <- c001 (wait=0.00m, st=4.55m)
[0.09h] ARRIVAL c002 -> q=1
[0.09h] START   ATM2 <- c002 (wait=0.00m, st=1.99m)
[0.12h] DONE    ATM2 -> c002
[0.14h] DONE    ATM1 -> c001
[0.16h] ARRIVAL c003 -> q=1
[0.16h] START   ATM1 <- c003 (wait=0.00m, st=4.52m)
[0.23h] DONE    ATM1 -> c003
[0.24h] ARRIVAL c004 -> q=1
[0.24h] START   ATM1 <- c004 (wait=0.00m, st=1.56m)
[0.25h] ARRIVAL c005 -> q=1
[0.25h] START   ATM2 <- c005 (wait=0.00m, st=1.68m)
[0.27h] DONE    ATM1 -> c004
[0.28h] DONE    ATM2 -> c005
[0.34h] ARRIVAL c006 -> q=1
[0.34h] START   ATM1 <- c006 (wait=0.00m, st=3.45m)
[0.40h] DONE    ATM1 -> c006
[0.57h] ARRIVAL c007 -> q=1
[0.57h] START   ATM1 <- c007 (wait=0.00m, st=3.82m)
[0.60h] ARRIVAL c008 -> q=1
[0.60h] START   ATM2 <- c008 (wait=0.00m, st=7.58m)
[0.61h] ARRIVAL c009 -> q=1
[0.63h] ARRIVAL c010 -> q=2
[0.63h] DONE    ATM1 -> c007
[0.63h] START   ATM1 <- c009 (wait=1.19m, st=1.46m)
[0.65h] DONE    ATM1 -> c009
[0.65h] START   ATM1 <- c010 (wait=1.55m, st=2.94m)
[0.70h] DONE    ATM1 -> c010
[0.73h] DONE    ATM2 -> c008
[0.86h] ARRIVAL c011 -> q=1
[0.86h] START   ATM1 <- c011 (wait=0.00m, st=7.19m)
[0.93h] ARRIVAL c012 -> q=1
[0.93h] START   ATM2 <- c012 (wait=0.00m, st=3.08m)
[0.98h] ARRIVAL c013 -> q=1
[0.98h] DONE    ATM1 -> c011
[0.98h] START   ATM1 <- c013 (wait=0.03m, st=2.08m)
[0.98h] DONE    ATM2 -> c012
[1.01h] DONE    ATM1 -> c013
[1.14h] ARRIVAL c014 -> q=1
[1.14h] START   ATM1 <- c014 (wait=0.00m, st=5.36m)
[1.23h] DONE    ATM1 -> c014
[1.29h] ARRIVAL c015 -> q=1
[1.29h] START   ATM1 <- c015 (wait=0.00m, st=2.31m)
[1.33h] DONE    ATM1 -> c015
[1.44h] ARRIVAL c016 -> q=1
[1.44h] START   ATM1 <- c016 (wait=0.00m, st=3.96m)
[1.49h] ARRIVAL c017 -> q=1
[1.49h] START   ATM2 <- c017 (wait=0.00m, st=1.45m)
[1.50h] DONE    ATM1 -> c016
[1.51h] DONE    ATM2 -> c017
[1.55h] ARRIVAL c018 -> q=1
[1.55h] START   ATM1 <- c018 (wait=0.00m, st=3.05m)
[1.60h] DONE    ATM1 -> c018
[1.77h] ARRIVAL c019 -> q=1
[1.77h] START   ATM1 <- c019 (wait=0.00m, st=3.16m)
[1.81h] ARRIVAL c020 -> q=1
[1.81h] START   ATM2 <- c020 (wait=0.00m, st=5.81m)
[1.83h] DONE    ATM1 -> c019
[1.89h] ARRIVAL c021 -> q=1
[1.89h] START   ATM1 <- c021 (wait=0.00m, st=2.17m)
[1.90h] DONE    ATM2 -> c020
[1.92h] ARRIVAL c022 -> q=1
[1.92h] START   ATM2 <- c022 (wait=0.00m, st=4.08m)
[1.92h] DONE    ATM1 -> c021
[1.94h] ARRIVAL c023 -> q=1
[1.94h] START   ATM1 <- c023 (wait=0.00m, st=2.80m)
[1.99h] DONE    ATM2 -> c022
[1.99h] DONE    ATM1 -> c023
[2.04h] ARRIVAL c024 -> q=1
[2.04h] START   ATM1 <- c024 (wait=0.00m, st=4.54m)
[2.11h] DONE    ATM1 -> c024
[2.16h] ARRIVAL c025 -> q=1
[2.16h] START   ATM1 <- c025 (wait=0.00m, st=2.31m)
[2.20h] DONE    ATM1 -> c025
[2.41h] ARRIVAL c026 -> q=1
[2.41h] START   ATM1 <- c026 (wait=0.00m, st=6.00m)
[2.48h] ARRIVAL c027 -> q=1
[2.48h] START   ATM2 <- c027 (wait=0.00m, st=6.11m)
[2.51h] DONE    ATM1 -> c026
[2.55h] ARRIVAL c028 -> q=1
[2.55h] START   ATM1 <- c028 (wait=0.00m, st=3.81m)
[2.56h] ARRIVAL c029 -> q=1
[2.58h] DONE    ATM2 -> c027
[2.58h] START   ATM2 <- c029 (wait=1.35m, st=2.60m)
[2.59h] ARRIVAL c030 -> q=1
[2.61h] DONE    ATM1 -> c028
[2.61h] START   ATM1 <- c030 (wait=1.04m, st=2.81m)
[2.62h] ARRIVAL c031 -> q=1
[2.62h] DONE    ATM2 -> c029
[2.62h] START   ATM2 <- c031 (wait=0.41m, st=3.20m)
[2.63h] ARRIVAL c032 -> q=1
[2.66h] DONE    ATM1 -> c030
[2.66h] START   ATM1 <- c032 (wait=1.46m, st=0.84m)
[2.67h] DONE    ATM1 -> c032
[2.68h] DONE    ATM2 -> c031
[2.68h] ARRIVAL c033 -> q=1
[2.68h] START   ATM1 <- c033 (wait=0.00m, st=2.29m)
[2.72h] DONE    ATM1 -> c033
[2.72h] ARRIVAL c034 -> q=1
[2.72h] START   ATM1 <- c034 (wait=0.00m, st=2.95m)
[2.77h] DONE    ATM1 -> c034
[2.93h] ARRIVAL c035 -> q=1
[2.93h] START   ATM1 <- c035 (wait=0.00m, st=2.73m)
[2.98h] DONE    ATM1 -> c035
[2.98h] ARRIVAL c036 -> q=1
[2.98h] START   ATM1 <- c036 (wait=0.00m, st=3.63m)
[3.04h] DONE    ATM1 -> c036
[3.21h] ARRIVAL c037 -> q=1
[3.21h] START   ATM1 <- c037 (wait=0.00m, st=1.19m)
[3.21h] ARRIVAL c038 -> q=1
[3.21h] START   ATM2 <- c038 (wait=0.00m, st=1.98m)
[3.23h] DONE    ATM1 -> c037
[3.24h] ARRIVAL c039 -> q=1
[3.24h] START   ATM1 <- c039 (wait=0.00m, st=2.58m)
[3.25h] DONE    ATM2 -> c038
[3.26h] ARRIVAL c040 -> q=1
[3.26h] START   ATM2 <- c040 (wait=0.00m, st=1.46m)
[3.28h] DONE    ATM2 -> c040
[3.28h] DONE    ATM1 -> c039
[3.29h] ARRIVAL c041 -> q=1
[3.29h] START   ATM1 <- c041 (wait=0.00m, st=3.65m)
[3.35h] DONE    ATM1 -> c041
[3.39h] ARRIVAL c042 -> q=1
[3.39h] START   ATM1 <- c042 (wait=0.00m, st=1.41m)
[3.39h] ARRIVAL c043 -> q=1
[3.39h] START   ATM2 <- c043 (wait=0.00m, st=1.47m)
[3.41h] DONE    ATM1 -> c042
[3.42h] DONE    ATM2 -> c043
[3.49h] ARRIVAL c044 -> q=1
[3.49h] START   ATM1 <- c044 (wait=0.00m, st=4.32m)
[3.51h] ARRIVAL c045 -> q=1
[3.51h] START   ATM2 <- c045 (wait=0.00m, st=1.87m)
[3.54h] DONE    ATM2 -> c045
[3.56h] DONE    ATM1 -> c044
[3.65h] ARRIVAL c046 -> q=1
[3.65h] START   ATM1 <- c046 (wait=0.00m, st=2.58m)
[3.69h] DONE    ATM1 -> c046
[3.86h] ARRIVAL c047 -> q=1
[3.86h] START   ATM1 <- c047 (wait=0.00m, st=6.81m)
[3.87h] ARRIVAL c048 -> q=1
[3.87h] START   ATM2 <- c048 (wait=0.00m, st=1.87m)
[3.90h] DONE    ATM2 -> c048
[3.98h] DONE    ATM1 -> c047
[END] time=4.00h, arrivals=48, balked=0, started=48, completed=48
      avg_wait=0.15m (p95=1.19m)  avg_q_len=0.03
      utilization: ATM1=0.45, ATM2=0.19
